2021-04-12 16:03:23,088 — INFO — receive:OrderAdd~clientid:=Trader2,orderid:=39bfdd21-9ba0-11eb-ad8a-405bd84cc338,side:=sell,price:=50.34,qty:=20,timestamp:=1618239803.0880034
2021-04-12 16:03:23,088 — INFO — send:OrderAcknowledgementMsg~clientid:=Trader2,orderid:=39bfdd21-9ba0-11eb-ad8a-405bd84cc338,timestamp:=1618239803.0880034
2021-04-12 16:03:23,088 — INFO — receive:OrderAdd~clientid:=Trader2,orderid:=39c002fb-9ba0-11eb-92bb-405bd84cc338,side:=sell,price:=48.34,qty:=10,timestamp:=1618239803.0889723
2021-04-12 16:03:23,088 — INFO — send:OrderAcknowledgementMsg~clientid:=Trader2,orderid:=39c002fb-9ba0-11eb-92bb-405bd84cc338,timestamp:=1618239803.0889723
2021-04-12 16:03:23,088 — INFO — receive:OrderAdd~clientid:=Trader1,orderid:=39c002fc-9ba0-11eb-a4a3-405bd84cc338,side:=buy,price:=51.0,qty:=15,timestamp:=1618239803.0889723
2021-04-12 16:03:23,088 — INFO — send:FillMsg~clientid:=Trader2,orderid:=39c002fb-9ba0-11eb-92bb-405bd84cc338,fillId:=39c002fd-9ba0-11eb-b0ba-405bd84cc338,qty:=10,timestamp:=1618239803.0889723
2021-04-12 16:03:23,088 — INFO — send:FillMsg~clientid:=Trader2,orderid:=39bfdd21-9ba0-11eb-ad8a-405bd84cc338,fillId:=39c002fe-9ba0-11eb-a72a-405bd84cc338,qty:=5,timestamp:=1618239803.0889723
2021-04-12 16:03:23,088 — INFO — send:FillMsg~clientid:=Trader1,orderid:=39c002fc-9ba0-11eb-a4a3-405bd84cc338,fillId:=39c002ff-9ba0-11eb-9c4e-405bd84cc338,qty:=15,timestamp:=1618239803.0889723
2021-04-12 16:03:23,088 — INFO — send:OrderAcknowledgementMsg~clientid:=Trader1,orderid:=39c002fc-9ba0-11eb-a4a3-405bd84cc338,timestamp:=1618239803.0889723
2021-04-12 16:03:23,088 — INFO — receive:OrderCancel~clientid:=Trader2,orderid:=39bfdd21-9ba0-11eb-ad8a-405bd84cc338,qty:=5,timestamp:=1618239803.0889723
2021-04-12 16:03:23,088 — INFO — receive:OrderCancel~clientid:=Trader2,orderid:=39bfdd21-9ba0-11eb-ad8a-405bd84cc338,qty:=10,timestamp:=1618239803.0889723
2021-04-12 16:05:45,331 — INFO — receive:OrderAdd~clientid:=Trader2,orderid:=8e887361-9ba0-11eb-b313-405bd84cc338,side:=sell,price:=50.34,qty:=20,timestamp:=1618239945.3311841
2021-04-12 16:06:16,731 — INFO — receive:OrderAdd~clientid:=Trader2,orderid:=a13fc55c-9ba0-11eb-9a76-405bd84cc338,side:=sell,price:=50.34,qty:=20,timestamp:=1618239976.7315805
2021-04-12 16:11:34,402 — INFO — receive:OrderAdd~clientid:=Trader2,orderid:=5e9893da-9ba1-11eb-99d4-405bd84cc338,side:=sell,price:=50.34,qty:=20,timestamp:=1618240294.4029658
2021-04-12 16:11:34,402 — INFO — send:OrderAcknowledgementMsg~clientid:=Trader2,orderid:=5e9893da-9ba1-11eb-99d4-405bd84cc338,timestamp:=1618240294.4029658
2021-04-12 16:11:34,402 — INFO — receive:OrderAdd~clientid:=Trader2,orderid:=5e9893db-9ba1-11eb-8a16-405bd84cc338,side:=sell,price:=48.34,qty:=10,timestamp:=1618240294.4029658
2021-04-12 16:11:34,402 — INFO — send:OrderAcknowledgementMsg~clientid:=Trader2,orderid:=5e9893db-9ba1-11eb-8a16-405bd84cc338,timestamp:=1618240294.4029658
2021-04-12 16:11:34,402 — INFO — receive:OrderAdd~clientid:=Trader1,orderid:=5e9893dc-9ba1-11eb-88bb-405bd84cc338,side:=buy,price:=51.0,qty:=15,timestamp:=1618240294.4029658
2021-04-12 16:11:34,402 — INFO — send:FillMsg~clientid:=Trader2,orderid:=5e9893db-9ba1-11eb-8a16-405bd84cc338,fillId:=5e9893dd-9ba1-11eb-b04f-405bd84cc338,qty:=10,timestamp:=1618240294.4029658
2021-04-12 16:11:34,402 — INFO — send:FillMsg~clientid:=Trader2,orderid:=5e9893da-9ba1-11eb-99d4-405bd84cc338,fillId:=5e9893de-9ba1-11eb-9503-405bd84cc338,qty:=5,timestamp:=1618240294.4029658
2021-04-12 16:11:34,402 — INFO — send:FillMsg~clientid:=Trader1,orderid:=5e9893dc-9ba1-11eb-88bb-405bd84cc338,fillId:=5e9893df-9ba1-11eb-85e2-405bd84cc338,qty:=15,timestamp:=1618240294.4029658
2021-04-12 16:11:34,402 — INFO — send:OrderAcknowledgementMsg~clientid:=Trader1,orderid:=5e9893dc-9ba1-11eb-88bb-405bd84cc338,timestamp:=1618240294.4029658
2021-04-12 16:11:34,403 — INFO — receive:OrderCancel~clientid:=Trader2,orderid:=5e9893da-9ba1-11eb-99d4-405bd84cc338,qty:=5,timestamp:=1618240294.4039624
2021-04-12 16:11:34,403 — INFO — receive:OrderCancel~clientid:=Trader2,orderid:=5e9893da-9ba1-11eb-99d4-405bd84cc338,qty:=10,timestamp:=1618240294.4039624
